This file contains any messages produced by compilers while
running configure, to aid debugging if configure makes a mistake.

It was created by configure, which was
generated by GNU Autoconf 2.69.  Invocation command line was

  $ ./configure 

## --------- ##
## Platform. ##
## --------- ##

hostname = router0
uname -m = x86_64
uname -r = 5.4.0-169-generic
uname -s = Linux
uname -v = #187-Ubuntu SMP Thu Nov 23 14:52:28 UTC 2023

/usr/bin/uname -p = x86_64
/bin/uname -X     = unknown

/bin/arch              = x86_64
/usr/bin/arch -k       = unknown
/usr/convex/getsysinfo = unknown
/usr/bin/hostinfo      = unknown
/bin/machine           = unknown
/usr/bin/oslevel       = unknown
/bin/universe          = unknown

PATH: /usr/local/openmpi/bin
PATH: /usr/local/sbin
PATH: /usr/local/bin
PATH: /usr/sbin
PATH: /usr/bin
PATH: /sbin
PATH: /bin
PATH: /usr/games
PATH: /usr/local/games
PATH: /snap/bin


## ----------- ##
## Core tests. ##
## ----------- ##

configure:2239: checking for a BSD-compatible install
configure:2307: result: /usr/bin/install -c
configure:2318: checking whether build environment is sane
configure:2368: result: yes
configure:2509: checking for a thread-safe mkdir -p
configure:2548: result: /usr/bin/mkdir -p
configure:2561: checking for gawk
configure:2577: found /usr/bin/gawk
configure:2588: result: gawk
configure:2599: checking whether make sets $(MAKE)
configure:2621: result: yes
configure:2703: checking whether to enable maintainer-specific portions of Makefiles
configure:2712: result: no
configure:2774: checking for gcc
configure:2790: found /usr/bin/gcc
configure:2801: result: gcc
configure:3030: checking for C compiler version
configure:3039: gcc --version >&5
gcc (Ubuntu 9.4.0-1ubuntu1~20.04.3) 9.4.0
Copyright (C) 2019 Free Software Foundation, Inc.
This is free software; see the source for copying conditions.  There is NO
warranty; not even for MERCHANTABILITY or FITNESS FOR A PARTICULAR PURPOSE.

configure:3050: $? = 0
configure:3039: gcc -v >&5
Using built-in specs.
COLLECT_GCC=gcc
COLLECT_LTO_WRAPPER=/usr/lib/gcc/x86_64-linux-gnu/9/lto-wrapper
OFFLOAD_TARGET_NAMES=nvptx-none:hsa
OFFLOAD_TARGET_DEFAULT=1
Target: x86_64-linux-gnu
Configured with: ../src/configure -v --with-pkgversion='Ubuntu 9.4.0-1ubuntu1~20.04.3' --with-bugurl=file:///usr/share/doc/gcc-9/README.Bugs --enable-languages=c,ada,c++,go,brig,d,fortran,objc,obj-c++,gm2 --prefix=/usr --with-gcc-major-version-only --program-suffix=-9 --program-prefix=x86_64-linux-gnu- --enable-shared --enable-linker-build-id --libexecdir=/usr/lib --without-included-gettext --enable-threads=posix --libdir=/usr/lib --enable-nls --enable-clocale=gnu --enable-libstdcxx-debug --enable-libstdcxx-time=yes --with-default-libstdcxx-abi=new --enable-gnu-unique-object --disable-vtable-verify --enable-plugin --enable-default-pie --with-system-zlib --with-target-system-zlib=auto --enable-objc-gc=auto --enable-multiarch --disable-werror --with-arch-32=i686 --with-abi=m64 --with-multilib-list=m32,m64,mx32 --enable-multilib --with-tune=generic --enable-offload-targets=nvptx-none=/build/gcc-9-05ho5U/gcc-9-9.4.0/debian/tmp-nvptx/usr,hsa --without-cuda-driver --enable-checking=release --build=x86_64-linux-gnu --host=x86_64-linux-gnu --target=x86_64-linux-gnu
Thread model: posix
gcc version 9.4.0 (Ubuntu 9.4.0-1ubuntu1~20.04.3) 
configure:3050: $? = 0
configure:3039: gcc -V >&5
gcc: error: unrecognized command line option '-V'
gcc: fatal error: no input files
compilation terminated.
configure:3050: $? = 1
configure:3039: gcc -qversion >&5
gcc: error: unrecognized command line option '-qversion'; did you mean '--version'?
gcc: fatal error: no input files
compilation terminated.
configure:3050: $? = 1
configure:3070: checking whether the C compiler works
configure:3092: gcc    conftest.c  >&5
configure:3096: $? = 0
configure:3144: result: yes
configure:3147: checking for C compiler default output file name
configure:3149: result: a.out
configure:3155: checking for suffix of executables
configure:3162: gcc -o conftest    conftest.c  >&5
configure:3166: $? = 0
configure:3188: result: 
configure:3210: checking whether we are cross compiling
configure:3218: gcc -o conftest    conftest.c  >&5
configure:3222: $? = 0
configure:3229: ./conftest
configure:3233: $? = 0
configure:3221: result: no
configure:3226: checking for suffix of object files
configure:3248: gcc -c   conftest.c >&5
configure:3252: $? = 0
configure:3273: result: o
configure:3277: checking whether we are using the GNU C compiler
configure:3296: gcc -c   conftest.c >&5
configure:3296: $? = 0
configure:3305: result: yes
configure:3314: checking whether gcc accepts -g
configure:3334: gcc -c -g  conftest.c >&5
configure:3334: $? = 0
configure:3375: result: yes
configure:3392: checking for gcc option to accept ISO C89
configure:3455: gcc  -c -g -O2  conftest.c >&5
configure:3455: $? = 0
configure:3468: result: none needed
configure:3499: checking for style of include used by make
configure:3527: result: GNU
configure:3553: checking dependency style of gcc
configure:3664: result: gcc3
configure:3716: checking build system type
configure:3730: result: x86_64-unknown-linux-gnu
configure:3750: checking host system type
configure:3763: result: x86_64-unknown-linux-gnu
configure:3804: checking how to print strings
configure:3831: result: printf
configure:3852: checking for a sed that does not truncate output
configure:3916: result: /usr/bin/sed
configure:3934: checking for grep that handles long lines and -e
configure:3992: result: /usr/bin/grep
configure:3997: checking for egrep
configure:4059: result: /usr/bin/grep -E
configure:4064: checking for fgrep
configure:4126: result: /usr/bin/grep -F
configure:4161: checking for ld used by gcc
configure:4228: result: /usr/bin/ld
configure:4235: checking if the linker (/usr/bin/ld) is GNU ld
configure:4250: result: yes
configure:4262: checking for BSD- or MS-compatible name lister (nm)
configure:4311: result: /usr/bin/nm -B
configure:4441: checking the name lister (/usr/bin/nm -B) interface
configure:4448: gcc -c -g -O3  conftest.c >&5
configure:4451: /usr/bin/nm -B "conftest.o"
configure:4454: output
0000000000000000 B some_variable
configure:4455: result: BSD nm
configure:4458: checking whether ln -s works
configure:4462: result: yes
configure:4470: checking the maximum length of command line arguments
configure:4600: result: 1572864
configure:4617: checking whether the shell understands some XSI constructs
configure:4626: result: yes
configure:4630: checking whether the shell understands "+="
configure:4634: result: yes
configure:4669: checking how to convert x86_64-unknown-linux-gnu file names to x86_64-unknown-linux-gnu format
configure:4709: result: func_convert_file_noop
configure:4716: checking how to convert x86_64-unknown-linux-gnu file names to toolchain format
configure:4736: result: func_convert_file_noop
configure:4743: checking for /usr/bin/ld option to reload object files
configure:4750: result: -r
configure:4824: checking for objdump
configure:4840: found /usr/bin/objdump
configure:4851: result: objdump
configure:4883: checking how to recognize dependent libraries
configure:5081: result: pass_all
configure:5166: checking for dlltool
configure:5196: result: no
configure:5226: checking how to associate runtime and link libraries
configure:5253: result: printf %s\n
configure:5314: checking for ar
configure:5330: found /usr/bin/ar
configure:5341: result: ar
configure:5378: checking for archiver @FILE support
configure:5395: gcc -c -g -O3  conftest.c >&5
configure:5395: $? = 0
configure:5398: ar cru libconftest.a @conftest.lst >&5
ar: `u' modifier ignored since `D' is the default (see `U')
configure:5401: $? = 0
configure:5406: ar cru libconftest.a @conftest.lst >&5
ar: `u' modifier ignored since `D' is the default (see `U')
ar: conftest.o: No such file or directory
configure:5409: $? = 1
configure:5408: result: @
configure:5466: checking for strip
configure:5482: found /usr/bin/strip
configure:5493: result: strip
configure:5565: checking for ranlib
configure:5581: found /usr/bin/ranlib
configure:5592: result: ranlib
configure:5694: checking command to parse /usr/bin/nm -B output from gcc object
configure:5814: gcc -c -g -O3  conftest.c >&5
configure:5817: $? = 0
configure:5821: /usr/bin/nm -B conftest.o \| sed -n -e 's/^.*[ ]\([ABCDGIRSTW][ABCDGIRSTW]*\)[ ][ ]*\([_A-Za-z][_A-Za-z0-9]*\)$/\1 \2 \2/p' | sed '/ __gnu_lto/d' \> conftest.nm
configure:5824: $? = 0
configure:5890: gcc -o conftest -g -O3   conftest.c conftstm.o >&5
configure:5893: $? = 0
configure:5931: result: ok
configure:5968: checking for sysroot
configure:5998: result: no
configure:6075: gcc -c -g -O3  conftest.c >&5
configure:6078: $? = 0
configure:6254: checking for mt
configure:6270: found /usr/bin/mt
configure:6281: result: mt
configure:6304: checking if mt is a manifest tool
configure:6310: mt '-?'
configure:6318: result: no
configure:6960: checking how to run the C preprocessor
configure:6991: gcc -E  conftest.c
configure:6991: $? = 0
configure:7005: gcc -E  conftest.c
conftest.c:11:10: fatal error: ac_nonexistent.h: No such file or directory
   11 | #include <ac_nonexistent.h>
      |          ^~~~~~~~~~~~~~~~~~
compilation terminated.
configure:7005: $? = 1
configure: failed program was:
| /* confdefs.h */
| #define PACKAGE_NAME ""
| #define PACKAGE_TARNAME ""
| #define PACKAGE_VERSION ""
| #define PACKAGE_STRING ""
| #define PACKAGE_BUGREPORT ""
| #define PACKAGE_URL ""
| #define PACKAGE "libev"
| #define VERSION "4.15"
| /* end confdefs.h.  */
| #include <ac_nonexistent.h>
configure:7030: result: gcc -E
configure:7050: gcc -E  conftest.c
configure:7050: $? = 0
configure:7064: gcc -E  conftest.c
conftest.c:11:10: fatal error: ac_nonexistent.h: No such file or directory
   11 | #include <ac_nonexistent.h>
      |          ^~~~~~~~~~~~~~~~~~
compilation terminated.
configure:7064: $? = 1
configure: failed program was:
| /* confdefs.h */
| #define PACKAGE_NAME ""
| #define PACKAGE_TARNAME ""
| #define PACKAGE_VERSION ""
| #define PACKAGE_STRING ""
| #define PACKAGE_BUGREPORT ""
| #define PACKAGE_URL ""
| #define PACKAGE "libev"
| #define VERSION "4.15"
| /* end confdefs.h.  */
| #include <ac_nonexistent.h>
configure:7093: checking for ANSI C header files
configure:7113: gcc -c -g -O3  conftest.c >&5
configure:7113: $? = 0
configure:7186: gcc -o conftest -g -O3   conftest.c  >&5
configure:7186: $? = 0
configure:7186: ./conftest
configure:7186: $? = 0
configure:7197: result: yes
configure:7210: checking for sys/types.h
configure:7210: gcc -c -g -O3  conftest.c >&5
configure:7210: $? = 0
configure:7210: result: yes
configure:7210: checking for sys/stat.h
configure:7210: gcc -c -g -O3  conftest.c >&5
configure:7210: $? = 0
configure:7210: result: yes
configure:7210: checking for stdlib.h
configure:7210: gcc -c -g -O3  conftest.c >&5
configure:7210: $? = 0
configure:7210: result: yes
configure:7210: checking for string.h
configure:7210: gcc -c -g -O3  conftest.c >&5
configure:7210: $? = 0
configure:7210: result: yes
configure:7210: checking for memory.h
configure:7210: gcc -c -g -O3  conftest.c >&5
configure:7210: $? = 0
configure:7210: result: yes
configure:7210: checking for strings.h
configure:7210: gcc -c -g -O3  conftest.c >&5
configure:7210: $? = 0
configure:7210: result: yes
configure:7210: checking for inttypes.h
configure:7210: gcc -c -g -O3  conftest.c >&5
configure:7210: $? = 0
configure:7210: result: yes
configure:7210: checking for stdint.h
configure:7210: gcc -c -g -O3  conftest.c >&5
configure:7210: $? = 0
configure:7210: result: yes
configure:7210: checking for unistd.h
configure:7210: gcc -c -g -O3  conftest.c >&5
configure:7210: $? = 0
configure:7210: result: yes
configure:7224: checking for dlfcn.h
configure:7224: gcc -c -g -O3  conftest.c >&5
configure:7224: $? = 0
configure:7224: result: yes
configure:7430: checking for objdir
configure:7445: result: .libs
configure:7712: checking if gcc supports -fno-rtti -fno-exceptions
configure:7730: gcc -c -g -O3  -fno-rtti -fno-exceptions conftest.c >&5
cc1: warning: command line option '-fno-rtti' is valid for C++/D/ObjC++ but not for C
configure:7734: $? = 0
configure:7747: result: no
configure:8074: checking for gcc option to produce PIC
configure:8081: result: -fPIC -DPIC
configure:8089: checking if gcc PIC flag -fPIC -DPIC works
configure:8107: gcc -c -g -O3  -fPIC -DPIC -DPIC conftest.c >&5
configure:8111: $? = 0
configure:8124: result: yes
configure:8153: checking if gcc static flag -static works
configure:8181: result: yes
configure:8196: checking if gcc supports -c -o file.o
configure:8217: gcc -c -g -O3  -o out/conftest2.o conftest.c >&5
configure:8221: $? = 0
configure:8243: result: yes
configure:8251: checking if gcc supports -c -o file.o
configure:8298: result: yes
configure:8331: checking whether the gcc linker (/usr/bin/ld -m elf_x86_64) supports shared libraries
configure:9488: result: yes
configure:9525: checking whether -lc should be explicitly linked in
configure:9533: gcc -c -g -O3  conftest.c >&5
configure:9536: $? = 0
configure:9551: gcc -shared  -fPIC -DPIC conftest.o  -v -Wl,-soname -Wl,conftest -o conftest 2\>\&1 \| /usr/bin/grep  -lc  \>/dev/null 2\>\&1
configure:9554: $? = 0
configure:9568: result: no
configure:9728: checking dynamic linker characteristics
configure:10228: gcc -o conftest -g -O3   -Wl,-rpath -Wl,/foo conftest.c  >&5
configure:10228: $? = 0
configure:10462: result: GNU/Linux ld.so
configure:10569: checking how to hardcode library paths into programs
configure:10594: result: immediate
configure:11134: checking whether stripping libraries is possible
configure:11139: result: yes
configure:11174: checking if libtool supports shared libraries
configure:11176: result: yes
configure:11179: checking whether to build shared libraries
configure:11200: result: yes
configure:11203: checking whether to build static libraries
configure:11207: result: yes
configure:8254: checking sys/inotify.h usability
configure:8254: gcc -c -g -O3  conftest.c >&5
configure:8254: $? = 0
configure:8254: result: yes
configure:8254: checking sys/inotify.h presence
configure:8254: gcc -E  conftest.c
configure:8254: $? = 0
configure:8254: result: yes
configure:8254: checking for sys/inotify.h
configure:8254: result: yes
configure:8254: checking sys/epoll.h usability
configure:8254: gcc -c -g -O3  conftest.c >&5
configure:8254: $? = 0
configure:8254: result: yes
configure:8254: checking sys/epoll.h presence
configure:8254: gcc -E  conftest.c
configure:8254: $? = 0
configure:8254: result: yes
configure:8254: checking for sys/epoll.h
configure:8254: result: yes
configure:8254: checking sys/event.h usability
configure:8254: gcc -c -g -O3  conftest.c >&5
conftest.c:58:10: fatal error: sys/event.h: No such file or directory
   58 | #include <sys/event.h>
      |          ^~~~~~~~~~~~~
compilation terminated.
configure:8254: $? = 1
configure: failed program was:
| /* confdefs.h */
| #define PACKAGE_NAME ""
| #define PACKAGE_TARNAME ""
| #define PACKAGE_VERSION ""
| #define PACKAGE_STRING ""
| #define PACKAGE_BUGREPORT ""
| #define PACKAGE_URL ""
| #define PACKAGE "libev"
| #define VERSION "4.15"
| #define STDC_HEADERS 1
| #define HAVE_SYS_TYPES_H 1
| #define HAVE_SYS_STAT_H 1
| #define HAVE_STDLIB_H 1
| #define HAVE_STRING_H 1
| #define HAVE_MEMORY_H 1
| #define HAVE_STRINGS_H 1
| #define HAVE_INTTYPES_H 1
| #define HAVE_STDINT_H 1
| #define HAVE_UNISTD_H 1
| #define HAVE_DLFCN_H 1
| #define LT_OBJDIR ".libs/"
| #define HAVE_SYS_INOTIFY_H 1
| #define HAVE_SYS_EPOLL_H 1
| /* end confdefs.h.  */
| #include <stdio.h>
| #ifdef HAVE_SYS_TYPES_H
| # include <sys/types.h>
| #endif
| #ifdef HAVE_SYS_STAT_H
| # include <sys/stat.h>
| #endif
| #ifdef STDC_HEADERS
| # include <stdlib.h>
| # include <stddef.h>
| #else
| # ifdef HAVE_STDLIB_H
| #  include <stdlib.h>
| # endif
| #endif
| #ifdef HAVE_STRING_H
| # if !defined STDC_HEADERS && defined HAVE_MEMORY_H
| #  include <memory.h>
| # endif
| # include <string.h>
| #endif
| #ifdef HAVE_STRINGS_H
| # include <strings.h>
| #endif
| #ifdef HAVE_INTTYPES_H
| # include <inttypes.h>
| #endif
| #ifdef HAVE_STDINT_H
| # include <stdint.h>
| #endif
| #ifdef HAVE_UNISTD_H
| # include <unistd.h>
| #endif
| #include <sys/event.h>
configure:8254: result: no
configure:8254: checking sys/event.h presence
configure:8254: gcc -E  conftest.c
conftest.c:25:10: fatal error: sys/event.h: No such file or directory
   25 | #include <sys/event.h>
      |          ^~~~~~~~~~~~~
compilation terminated.
configure:8254: $? = 1
configure: failed program was:
| /* confdefs.h */
| #define PACKAGE_NAME ""
| #define PACKAGE_TARNAME ""
| #define PACKAGE_VERSION ""
| #define PACKAGE_STRING ""
| #define PACKAGE_BUGREPORT ""
| #define PACKAGE_URL ""
| #define PACKAGE "libev"
| #define VERSION "4.15"
| #define STDC_HEADERS 1
| #define HAVE_SYS_TYPES_H 1
| #define HAVE_SYS_STAT_H 1
| #define HAVE_STDLIB_H 1
| #define HAVE_STRING_H 1
| #define HAVE_MEMORY_H 1
| #define HAVE_STRINGS_H 1
| #define HAVE_INTTYPES_H 1
| #define HAVE_STDINT_H 1
| #define HAVE_UNISTD_H 1
| #define HAVE_DLFCN_H 1
| #define LT_OBJDIR ".libs/"
| #define HAVE_SYS_INOTIFY_H 1
| #define HAVE_SYS_EPOLL_H 1
| /* end confdefs.h.  */
| #include <sys/event.h>
configure:8254: result: no
configure:8254: checking for sys/event.h
configure:8254: result: no
configure:8254: checking port.h usability
configure:8254: gcc -c -g -O3  conftest.c >&5
conftest.c:58:10: fatal error: port.h: No such file or directory
   58 | #include <port.h>
      |          ^~~~~~~~
compilation terminated.
configure:8254: $? = 1
configure: failed program was:
| /* confdefs.h */
| #define PACKAGE_NAME ""
| #define PACKAGE_TARNAME ""
| #define PACKAGE_VERSION ""
| #define PACKAGE_STRING ""
| #define PACKAGE_BUGREPORT ""
| #define PACKAGE_URL ""
| #define PACKAGE "libev"
| #define VERSION "4.15"
| #define STDC_HEADERS 1
| #define HAVE_SYS_TYPES_H 1
| #define HAVE_SYS_STAT_H 1
| #define HAVE_STDLIB_H 1
| #define HAVE_STRING_H 1
| #define HAVE_MEMORY_H 1
| #define HAVE_STRINGS_H 1
| #define HAVE_INTTYPES_H 1
| #define HAVE_STDINT_H 1
| #define HAVE_UNISTD_H 1
| #define HAVE_DLFCN_H 1
| #define LT_OBJDIR ".libs/"
| #define HAVE_SYS_INOTIFY_H 1
| #define HAVE_SYS_EPOLL_H 1
| /* end confdefs.h.  */
| #include <stdio.h>
| #ifdef HAVE_SYS_TYPES_H
| # include <sys/types.h>
| #endif
| #ifdef HAVE_SYS_STAT_H
| # include <sys/stat.h>
| #endif
| #ifdef STDC_HEADERS
| # include <stdlib.h>
| # include <stddef.h>
| #else
| # ifdef HAVE_STDLIB_H
| #  include <stdlib.h>
| # endif
| #endif
| #ifdef HAVE_STRING_H
| # if !defined STDC_HEADERS && defined HAVE_MEMORY_H
| #  include <memory.h>
| # endif
| # include <string.h>
| #endif
| #ifdef HAVE_STRINGS_H
| # include <strings.h>
| #endif
| #ifdef HAVE_INTTYPES_H
| # include <inttypes.h>
| #endif
| #ifdef HAVE_STDINT_H
| # include <stdint.h>
| #endif
| #ifdef HAVE_UNISTD_H
| # include <unistd.h>
| #endif
| #include <port.h>
configure:8254: result: no
configure:8254: checking port.h presence
configure:8254: gcc -E  conftest.c
conftest.c:25:10: fatal error: port.h: No such file or directory
   25 | #include <port.h>
      |          ^~~~~~~~
compilation terminated.
configure:8254: $? = 1
configure: failed program was:
| /* confdefs.h */
| #define PACKAGE_NAME ""
| #define PACKAGE_TARNAME ""
| #define PACKAGE_VERSION ""
| #define PACKAGE_STRING ""
| #define PACKAGE_BUGREPORT ""
| #define PACKAGE_URL ""
| #define PACKAGE "libev"
| #define VERSION "4.15"
| #define STDC_HEADERS 1
| #define HAVE_SYS_TYPES_H 1
| #define HAVE_SYS_STAT_H 1
| #define HAVE_STDLIB_H 1
| #define HAVE_STRING_H 1
| #define HAVE_MEMORY_H 1
| #define HAVE_STRINGS_H 1
| #define HAVE_INTTYPES_H 1
| #define HAVE_STDINT_H 1
| #define HAVE_UNISTD_H 1
| #define HAVE_DLFCN_H 1
| #define LT_OBJDIR ".libs/"
| #define HAVE_SYS_INOTIFY_H 1
| #define HAVE_SYS_EPOLL_H 1
| /* end confdefs.h.  */
| #include <port.h>
configure:8254: result: no
configure:8254: checking for port.h
configure:8254: result: no
configure:8254: checking poll.h usability
configure:8254: gcc -c -g -O3  conftest.c >&5
configure:8254: $? = 0
configure:8254: result: yes
configure:8254: checking poll.h presence
configure:8254: gcc -E  conftest.c
configure:8254: $? = 0
configure:8254: result: yes
configure:8254: checking for poll.h
configure:8254: result: yes
configure:8254: checking sys/select.h usability
configure:8254: gcc -c -g -O3  conftest.c >&5
configure:8254: $? = 0
configure:8254: result: yes
configure:8254: checking sys/select.h presence
configure:8254: gcc -E  conftest.c
configure:8254: $? = 0
configure:8254: result: yes
configure:8254: checking for sys/select.h
configure:8254: result: yes
configure:8254: checking sys/eventfd.h usability
configure:8254: gcc -c -g -O3  conftest.c >&5
configure:8254: $? = 0
configure:8254: result: yes
configure:8254: checking sys/eventfd.h presence
configure:8254: gcc -E  conftest.c
configure:8254: $? = 0
configure:8254: result: yes
configure:8254: checking for sys/eventfd.h
configure:8254: result: yes
configure:8254: checking sys/signalfd.h usability
configure:8254: gcc -c -g -O3  conftest.c >&5
configure:8254: $? = 0
configure:8254: result: yes
configure:8254: checking sys/signalfd.h presence
configure:8254: gcc -E  conftest.c
configure:8254: $? = 0
configure:8254: result: yes
configure:8254: checking for sys/signalfd.h
configure:8254: result: yes
configure:8268: checking for inotify_init
configure:8268: gcc -o conftest -g -O3   conftest.c  >&5
configure:8268: $? = 0
configure:8268: result: yes
configure:8268: checking for epoll_ctl
configure:8268: gcc -o conftest -g -O3   conftest.c  >&5
configure:8268: $? = 0
configure:8268: result: yes
configure:8268: checking for kqueue
configure:8268: gcc -o conftest -g -O3   conftest.c  >&5
/usr/bin/ld: /tmp/cc7kIq3v.o: in function `main':
/home/io500/DARE/utils/dep-lib/libev-4.15/conftest.c:65: undefined reference to `kqueue'
collect2: error: ld returned 1 exit status
configure:8268: $? = 1
configure: failed program was:
| /* confdefs.h */
| #define PACKAGE_NAME ""
| #define PACKAGE_TARNAME ""
| #define PACKAGE_VERSION ""
| #define PACKAGE_STRING ""
| #define PACKAGE_BUGREPORT ""
| #define PACKAGE_URL ""
| #define PACKAGE "libev"
| #define VERSION "4.15"
| #define STDC_HEADERS 1
| #define HAVE_SYS_TYPES_H 1
| #define HAVE_SYS_STAT_H 1
| #define HAVE_STDLIB_H 1
| #define HAVE_STRING_H 1
| #define HAVE_MEMORY_H 1
| #define HAVE_STRINGS_H 1
| #define HAVE_INTTYPES_H 1
| #define HAVE_STDINT_H 1
| #define HAVE_UNISTD_H 1
| #define HAVE_DLFCN_H 1
| #define LT_OBJDIR ".libs/"
| #define HAVE_SYS_INOTIFY_H 1
| #define HAVE_SYS_EPOLL_H 1
| #define HAVE_POLL_H 1
| #define HAVE_SYS_SELECT_H 1
| #define HAVE_SYS_EVENTFD_H 1
| #define HAVE_SYS_SIGNALFD_H 1
| #define HAVE_INOTIFY_INIT 1
| #define HAVE_EPOLL_CTL 1
| /* end confdefs.h.  */
| /* Define kqueue to an innocuous variant, in case <limits.h> declares kqueue.
|    For example, HP-UX 11i <limits.h> declares gettimeofday.  */
| #define kqueue innocuous_kqueue
| 
| /* System header to define __stub macros and hopefully few prototypes,
|     which can conflict with char kqueue (); below.
|     Prefer <limits.h> to <assert.h> if __STDC__ is defined, since
|     <limits.h> exists even on freestanding compilers.  */
| 
| #ifdef __STDC__
| # include <limits.h>
| #else
| # include <assert.h>
| #endif
| 
| #undef kqueue
| 
| /* Override any GCC internal prototype to avoid an error.
|    Use char because int might match the return type of a GCC
|    builtin and then its argument prototype would still apply.  */
| #ifdef __cplusplus
| extern "C"
| #endif
| char kqueue ();
| /* The GNU C library defines this for functions which it implements
|     to always fail with ENOSYS.  Some functions are actually named
|     something starting with __ and the normal name is an alias.  */
| #if defined __stub_kqueue || defined __stub___kqueue
| choke me
| #endif
| 
| int
| main ()
| {
| return kqueue ();
|   ;
|   return 0;
| }
configure:8268: result: no
configure:8268: checking for port_create
configure:8268: gcc -o conftest -g -O3   conftest.c  >&5
/usr/bin/ld: /tmp/ccp2OrxQ.o: in function `main':
/home/io500/DARE/utils/dep-lib/libev-4.15/conftest.c:65: undefined reference to `port_create'
collect2: error: ld returned 1 exit status
configure:8268: $? = 1
configure: failed program was:
| /* confdefs.h */
| #define PACKAGE_NAME ""
| #define PACKAGE_TARNAME ""
| #define PACKAGE_VERSION ""
| #define PACKAGE_STRING ""
| #define PACKAGE_BUGREPORT ""
| #define PACKAGE_URL ""
| #define PACKAGE "libev"
| #define VERSION "4.15"
| #define STDC_HEADERS 1
| #define HAVE_SYS_TYPES_H 1
| #define HAVE_SYS_STAT_H 1
| #define HAVE_STDLIB_H 1
| #define HAVE_STRING_H 1
| #define HAVE_MEMORY_H 1
| #define HAVE_STRINGS_H 1
| #define HAVE_INTTYPES_H 1
| #define HAVE_STDINT_H 1
| #define HAVE_UNISTD_H 1
| #define HAVE_DLFCN_H 1
| #define LT_OBJDIR ".libs/"
| #define HAVE_SYS_INOTIFY_H 1
| #define HAVE_SYS_EPOLL_H 1
| #define HAVE_POLL_H 1
| #define HAVE_SYS_SELECT_H 1
| #define HAVE_SYS_EVENTFD_H 1
| #define HAVE_SYS_SIGNALFD_H 1
| #define HAVE_INOTIFY_INIT 1
| #define HAVE_EPOLL_CTL 1
| /* end confdefs.h.  */
| /* Define port_create to an innocuous variant, in case <limits.h> declares port_create.
|    For example, HP-UX 11i <limits.h> declares gettimeofday.  */
| #define port_create innocuous_port_create
| 
| /* System header to define __stub macros and hopefully few prototypes,
|     which can conflict with char port_create (); below.
|     Prefer <limits.h> to <assert.h> if __STDC__ is defined, since
|     <limits.h> exists even on freestanding compilers.  */
| 
| #ifdef __STDC__
| # include <limits.h>
| #else
| # include <assert.h>
| #endif
| 
| #undef port_create
| 
| /* Override any GCC internal prototype to avoid an error.
|    Use char because int might match the return type of a GCC
|    builtin and then its argument prototype would still apply.  */
| #ifdef __cplusplus
| extern "C"
| #endif
| char port_create ();
| /* The GNU C library defines this for functions which it implements
|     to always fail with ENOSYS.  Some functions are actually named
|     something starting with __ and the normal name is an alias.  */
| #if defined __stub_port_create || defined __stub___port_create
| choke me
| #endif
| 
| int
| main ()
| {
| return port_create ();
|   ;
|   return 0;
| }
configure:8268: result: no
configure:8268: checking for poll
configure:8268: gcc -o conftest -g -O3   conftest.c  >&5
configure:8268: $? = 0
configure:8268: result: yes
configure:8268: checking for select
configure:8268: gcc -o conftest -g -O3   conftest.c  >&5
configure:8268: $? = 0
configure:8268: result: yes
configure:8268: checking for eventfd
configure:8268: gcc -o conftest -g -O3   conftest.c  >&5
configure:8268: $? = 0
configure:8268: result: yes
configure:8268: checking for signalfd
configure:8268: gcc -o conftest -g -O3   conftest.c  >&5
configure:8268: $? = 0
configure:8268: result: yes
configure:8280: checking for clock_gettime
configure:8280: gcc -o conftest -g -O3   conftest.c  >&5
configure:8280: $? = 0
configure:8280: result: yes
configure:8384: checking for nanosleep
configure:8384: gcc -o conftest -g -O3   conftest.c  >&5
configure:8384: $? = 0
configure:8384: result: yes
configure:8459: checking for library containing floor
configure:8490: gcc -o conftest -g -O3   conftest.c  >&5
conftest.c:44:6: warning: conflicting types for built-in function 'floor'; expected 'double(double)' [-Wbuiltin-declaration-mismatch]
   44 | char floor ();
      |      ^~~~~
conftest.c:1:1: note: 'floor' is declared in header '<math.h>'
    1 | /* confdefs.h */
/usr/bin/ld: /tmp/ccoZoo8k.o: in function `main':
/home/io500/DARE/utils/dep-lib/libev-4.15/conftest.c:48: undefined reference to `floor'
collect2: error: ld returned 1 exit status
configure:8490: $? = 1
configure: failed program was:
| /* confdefs.h */
| #define PACKAGE_NAME ""
| #define PACKAGE_TARNAME ""
| #define PACKAGE_VERSION ""
| #define PACKAGE_STRING ""
| #define PACKAGE_BUGREPORT ""
| #define PACKAGE_URL ""
| #define PACKAGE "libev"
| #define VERSION "4.15"
| #define STDC_HEADERS 1
| #define HAVE_SYS_TYPES_H 1
| #define HAVE_SYS_STAT_H 1
| #define HAVE_STDLIB_H 1
| #define HAVE_STRING_H 1
| #define HAVE_MEMORY_H 1
| #define HAVE_STRINGS_H 1
| #define HAVE_INTTYPES_H 1
| #define HAVE_STDINT_H 1
| #define HAVE_UNISTD_H 1
| #define HAVE_DLFCN_H 1
| #define LT_OBJDIR ".libs/"
| #define HAVE_SYS_INOTIFY_H 1
| #define HAVE_SYS_EPOLL_H 1
| #define HAVE_POLL_H 1
| #define HAVE_SYS_SELECT_H 1
| #define HAVE_SYS_EVENTFD_H 1
| #define HAVE_SYS_SIGNALFD_H 1
| #define HAVE_INOTIFY_INIT 1
| #define HAVE_EPOLL_CTL 1
| #define HAVE_POLL 1
| #define HAVE_SELECT 1
| #define HAVE_EVENTFD 1
| #define HAVE_SIGNALFD 1
| #define HAVE_CLOCK_GETTIME 1
| #define HAVE_NANOSLEEP 1
| /* end confdefs.h.  */
| 
| /* Override any GCC internal prototype to avoid an error.
|    Use char because int might match the return type of a GCC
|    builtin and then its argument prototype would still apply.  */
| #ifdef __cplusplus
| extern "C"
| #endif
| char floor ();
| int
| main ()
| {
| return floor ();
|   ;
|   return 0;
| }
configure:8490: gcc -o conftest -g -O3   conftest.c -lm   >&5
conftest.c:44:6: warning: conflicting types for built-in function 'floor'; expected 'double(double)' [-Wbuiltin-declaration-mismatch]
   44 | char floor ();
      |      ^~~~~
conftest.c:1:1: note: 'floor' is declared in header '<math.h>'
    1 | /* confdefs.h */
configure:8490: $? = 0
configure:8507: result: -lm
configure:8648: creating ./config.status

## ---------------------- ##
## Running config.status. ##
## ---------------------- ##

This file was extended by config.status, which was
generated by GNU Autoconf 2.69.  Invocation command line was

  CONFIG_FILES    = 
  CONFIG_HEADERS  = 
  CONFIG_LINKS    = 
  CONFIG_COMMANDS = 
  $ ./config.status 

on router0

config.status:1090: creating Makefile
config.status:1090: creating config.h
config.status:1319: executing depfiles commands
config.status:1319: executing libtool commands

## ---------------- ##
## Cache variables. ##
## ---------------- ##

ac_cv_build=x86_64-unknown-linux-gnu
ac_cv_c_compiler_gnu=yes
ac_cv_env_CC_set=
ac_cv_env_CC_value=
ac_cv_env_CFLAGS_set=
ac_cv_env_CFLAGS_value=
ac_cv_env_CPPFLAGS_set=
ac_cv_env_CPPFLAGS_value=
ac_cv_env_CPP_set=
ac_cv_env_CPP_value=
ac_cv_env_LDFLAGS_set=
ac_cv_env_LDFLAGS_value=
ac_cv_env_LIBS_set=
ac_cv_env_LIBS_value=
ac_cv_env_build_alias_set=
ac_cv_env_build_alias_value=
ac_cv_env_host_alias_set=
ac_cv_env_host_alias_value=
ac_cv_env_target_alias_set=
ac_cv_env_target_alias_value=
ac_cv_func_clock_gettime=yes
ac_cv_func_epoll_ctl=yes
ac_cv_func_eventfd=yes
ac_cv_func_inotify_init=yes
ac_cv_func_kqueue=no
ac_cv_func_nanosleep=yes
ac_cv_func_poll=yes
ac_cv_func_port_create=no
ac_cv_func_select=yes
ac_cv_func_signalfd=yes
ac_cv_header_dlfcn_h=yes
ac_cv_header_inttypes_h=yes
ac_cv_header_memory_h=yes
ac_cv_header_poll_h=yes
ac_cv_header_port_h=no
ac_cv_header_stdc=yes
ac_cv_header_stdint_h=yes
ac_cv_header_stdlib_h=yes
ac_cv_header_string_h=yes
ac_cv_header_strings_h=yes
ac_cv_header_sys_epoll_h=yes
ac_cv_header_sys_event_h=no
ac_cv_header_sys_eventfd_h=yes
ac_cv_header_sys_inotify_h=yes
ac_cv_header_sys_select_h=yes
ac_cv_header_sys_signalfd_h=yes
ac_cv_header_sys_stat_h=yes
ac_cv_header_sys_types_h=yes
ac_cv_header_unistd_h=yes
ac_cv_host=x86_64-unknown-linux-gnu
ac_cv_objext=o
ac_cv_path_EGREP='/usr/bin/grep -E'
ac_cv_path_FGREP='/usr/bin/grep -F'
ac_cv_path_GREP=/usr/bin/grep
ac_cv_path_SED=/usr/bin/sed
ac_cv_path_install='/usr/bin/install -c'
ac_cv_path_mkdir=/usr/bin/mkdir
ac_cv_prog_AWK=gawk
ac_cv_prog_CPP='gcc -E'
ac_cv_prog_ac_ct_AR=ar
ac_cv_prog_ac_ct_CC=gcc
ac_cv_prog_ac_ct_MANIFEST_TOOL=mt
ac_cv_prog_ac_ct_OBJDUMP=objdump
ac_cv_prog_ac_ct_RANLIB=ranlib
ac_cv_prog_ac_ct_STRIP=strip
ac_cv_prog_cc_c89=
ac_cv_prog_cc_g=yes
ac_cv_prog_make_make_set=yes
ac_cv_search_floor=-lm
am_cv_CC_dependencies_compiler_type=gcc3
lt_cv_ar_at_file=@
lt_cv_archive_cmds_need_lc=no
lt_cv_deplibs_check_method=pass_all
lt_cv_file_magic_cmd='$MAGIC_CMD'
lt_cv_file_magic_test_file=
lt_cv_ld_reload_flag=-r
lt_cv_nm_interface='BSD nm'
lt_cv_objdir=.libs
lt_cv_path_LD=/usr/bin/ld
lt_cv_path_NM='/usr/bin/nm -B'
lt_cv_path_mainfest_tool=no
lt_cv_prog_compiler_c_o=yes
lt_cv_prog_compiler_pic='-fPIC -DPIC'
lt_cv_prog_compiler_pic_works=yes
lt_cv_prog_compiler_rtti_exceptions=no
lt_cv_prog_compiler_static_works=yes
lt_cv_prog_gnu_ld=yes
lt_cv_sharedlib_from_linklib_cmd='printf %s\n'
lt_cv_shlibpath_overrides_runpath=yes
lt_cv_sys_global_symbol_pipe='sed -n -e '\''s/^.*[	 ]\([ABCDGIRSTW][ABCDGIRSTW]*\)[	 ][	 ]*\([_A-Za-z][_A-Za-z0-9]*\)$/\1 \2 \2/p'\'' | sed '\''/ __gnu_lto/d'\'''
lt_cv_sys_global_symbol_to_c_name_address='sed -n -e '\''s/^: \([^ ]*\)[ ]*$/  {\"\1\", (void *) 0},/p'\'' -e '\''s/^[ABCDGIRSTW]* \([^ ]*\) \([^ ]*\)$/  {"\2", (void *) \&\2},/p'\'''
lt_cv_sys_global_symbol_to_c_name_address_lib_prefix='sed -n -e '\''s/^: \([^ ]*\)[ ]*$/  {\"\1\", (void *) 0},/p'\'' -e '\''s/^[ABCDGIRSTW]* \([^ ]*\) \(lib[^ ]*\)$/  {"\2", (void *) \&\2},/p'\'' -e '\''s/^[ABCDGIRSTW]* \([^ ]*\) \([^ ]*\)$/  {"lib\2", (void *) \&\2},/p'\'''
lt_cv_sys_global_symbol_to_cdecl='sed -n -e '\''s/^T .* \(.*\)$/extern int \1();/p'\'' -e '\''s/^[ABCDGIRSTW]* .* \(.*\)$/extern char \1;/p'\'''
lt_cv_sys_max_cmd_len=1572864
lt_cv_to_host_file_cmd=func_convert_file_noop
lt_cv_to_tool_file_cmd=func_convert_file_noop

## ----------------- ##
## Output variables. ##
## ----------------- ##

ACLOCAL='${SHELL} /home/io500/DARE/utils/dep-lib/libev-4.15/missing --run aclocal-1.11'
AMDEPBACKSLASH='\'
AMDEP_FALSE='#'
AMDEP_TRUE=''
AMTAR='$${TAR-tar}'
AR='ar'
AUTOCONF='${SHELL} /home/io500/DARE/utils/dep-lib/libev-4.15/missing --run autoconf'
AUTOHEADER='${SHELL} /home/io500/DARE/utils/dep-lib/libev-4.15/missing --run autoheader'
AUTOMAKE='${SHELL} /home/io500/DARE/utils/dep-lib/libev-4.15/missing --run automake-1.11'
AWK='gawk'
CC='gcc'
CCDEPMODE='depmode=gcc3'
CFLAGS='-g -O3'
CPP='gcc -E'
CPPFLAGS=''
CYGPATH_W='echo'
DEFS='-DHAVE_CONFIG_H'
DEPDIR='.deps'
DLLTOOL='false'
DSYMUTIL=''
DUMPBIN=''
ECHO_C=''
ECHO_N='-n'
ECHO_T=''
EGREP='/usr/bin/grep -E'
EXEEXT=''
FGREP='/usr/bin/grep -F'
GREP='/usr/bin/grep'
INSTALL_DATA='${INSTALL} -m 644'
INSTALL_PROGRAM='${INSTALL}'
INSTALL_SCRIPT='${INSTALL}'
INSTALL_STRIP_PROGRAM='$(install_sh) -c -s'
LD='/usr/bin/ld -m elf_x86_64'
LDFLAGS=''
LIBOBJS=''
LIBS='-lm '
LIBTOOL='$(SHELL) $(top_builddir)/libtool'
LIPO=''
LN_S='ln -s'
LTLIBOBJS=''
MAINT='#'
MAINTAINER_MODE_FALSE=''
MAINTAINER_MODE_TRUE='#'
MAKEINFO='${SHELL} /home/io500/DARE/utils/dep-lib/libev-4.15/missing --run makeinfo'
MANIFEST_TOOL=':'
MKDIR_P='/usr/bin/mkdir -p'
NM='/usr/bin/nm -B'
NMEDIT=''
OBJDUMP='objdump'
OBJEXT='o'
OTOOL64=''
OTOOL=''
PACKAGE='libev'
PACKAGE_BUGREPORT=''
PACKAGE_NAME=''
PACKAGE_STRING=''
PACKAGE_TARNAME=''
PACKAGE_URL=''
PACKAGE_VERSION=''
PATH_SEPARATOR=':'
RANLIB='ranlib'
SED='/usr/bin/sed'
SET_MAKE=''
SHELL='/bin/bash'
STRIP='strip'
VERSION='4.15'
ac_ct_AR='ar'
ac_ct_CC='gcc'
ac_ct_DUMPBIN=''
am__EXEEXT_FALSE=''
am__EXEEXT_TRUE='#'
am__fastdepCC_FALSE='#'
am__fastdepCC_TRUE=''
am__include='include'
am__isrc=''
am__leading_dot='.'
am__nodep='_no'
am__quote=''
am__tar='$${TAR-tar} chof - "$$tardir"'
am__untar='$${TAR-tar} xf -'
bindir='${exec_prefix}/bin'
build='x86_64-unknown-linux-gnu'
build_alias=''
build_cpu='x86_64'
build_os='linux-gnu'
build_vendor='unknown'
datadir='${datarootdir}'
datarootdir='${prefix}/share'
docdir='${datarootdir}/doc/${PACKAGE}'
dvidir='${docdir}'
exec_prefix='${prefix}'
host='x86_64-unknown-linux-gnu'
host_alias=''
host_cpu='x86_64'
host_os='linux-gnu'
host_vendor='unknown'
htmldir='${docdir}'
includedir='${prefix}/include'
infodir='${datarootdir}/info'
install_sh='${SHELL} /home/io500/DARE/utils/dep-lib/libev-4.15/install-sh'
libdir='${exec_prefix}/lib'
libexecdir='${exec_prefix}/libexec'
localedir='${datarootdir}/locale'
localstatedir='${prefix}/var'
mandir='${datarootdir}/man'
mkdir_p='/usr/bin/mkdir -p'
oldincludedir='/usr/include'
pdfdir='${docdir}'
prefix='/usr/local'
program_transform_name='s,x,x,'
psdir='${docdir}'
sbindir='${exec_prefix}/sbin'
sharedstatedir='${prefix}/com'
sysconfdir='${prefix}/etc'
target_alias=''

## ----------- ##
## confdefs.h. ##
## ----------- ##

/* confdefs.h */
#define PACKAGE_NAME ""
#define PACKAGE_TARNAME ""
#define PACKAGE_VERSION ""
#define PACKAGE_STRING ""
#define PACKAGE_BUGREPORT ""
#define PACKAGE_URL ""
#define PACKAGE "libev"
#define VERSION "4.15"
#define STDC_HEADERS 1
#define HAVE_SYS_TYPES_H 1
#define HAVE_SYS_STAT_H 1
#define HAVE_STDLIB_H 1
#define HAVE_STRING_H 1
#define HAVE_MEMORY_H 1
#define HAVE_STRINGS_H 1
#define HAVE_INTTYPES_H 1
#define HAVE_STDINT_H 1
#define HAVE_UNISTD_H 1
#define HAVE_DLFCN_H 1
#define LT_OBJDIR ".libs/"
#define HAVE_SYS_INOTIFY_H 1
#define HAVE_SYS_EPOLL_H 1
#define HAVE_POLL_H 1
#define HAVE_SYS_SELECT_H 1
#define HAVE_SYS_EVENTFD_H 1
#define HAVE_SYS_SIGNALFD_H 1
#define HAVE_INOTIFY_INIT 1
#define HAVE_EPOLL_CTL 1
#define HAVE_POLL 1
#define HAVE_SELECT 1
#define HAVE_EVENTFD 1
#define HAVE_SIGNALFD 1
#define HAVE_CLOCK_GETTIME 1
#define HAVE_NANOSLEEP 1
#define HAVE_FLOOR 1

configure: exit 0
